[0.976s] Invoking command in '/home/administrator/ros2_bc_work1/src/my_publisher': PYTHONPATH=/home/administrator/ros2_bc_work1/build/my_publisher/prefix_override:/usr/lib/python3/dist-packages/colcon_core/task/python/colcon_distutils_commands:/home/administrator/ros2_bc_work1/install/my_publisher/lib/python3.10/site-packages:${PYTHONPATH} /usr/bin/python3 -W ignore:setup.py install is deprecated -W ignore:easy_install command is deprecated setup.py egg_info --egg-base ../../build/my_publisher build --build-base /home/administrator/ros2_bc_work1/build/my_publisher/build install --record /home/administrator/ros2_bc_work1/build/my_publisher/install.log --single-version-externally-managed install_data
[1.242s] running egg_info
[1.243s] writing ../../build/my_publisher/my_publisher.egg-info/PKG-INFO
[1.244s] writing dependency_links to ../../build/my_publisher/my_publisher.egg-info/dependency_links.txt
[1.244s] writing entry points to ../../build/my_publisher/my_publisher.egg-info/entry_points.txt
[1.245s] writing requirements to ../../build/my_publisher/my_publisher.egg-info/requires.txt
[1.245s] writing top-level names to ../../build/my_publisher/my_publisher.egg-info/top_level.txt
[1.247s] reading manifest file '../../build/my_publisher/my_publisher.egg-info/SOURCES.txt'
[1.249s] writing manifest file '../../build/my_publisher/my_publisher.egg-info/SOURCES.txt'
[1.249s] running build
[1.249s] running build_py
[1.249s] copying my_publisher/r_viz_receiver.py -> /home/administrator/ros2_bc_work1/build/my_publisher/build/lib/my_publisher
[1.249s] running install
[1.250s] running install_lib
[1.251s] copying /home/administrator/ros2_bc_work1/build/my_publisher/build/lib/my_publisher/r_viz_receiver.py -> /home/administrator/ros2_bc_work1/install/my_publisher/lib/python3.10/site-packages/my_publisher
[1.252s] byte-compiling /home/administrator/ros2_bc_work1/install/my_publisher/lib/python3.10/site-packages/my_publisher/r_viz_receiver.py to r_viz_receiver.cpython-310.pyc
[1.254s] running install_data
[1.254s] running install_egg_info
[1.257s] removing '/home/administrator/ros2_bc_work1/install/my_publisher/lib/python3.10/site-packages/my_publisher-0.0.0-py3.10.egg-info' (and everything under it)
[1.257s] Copying ../../build/my_publisher/my_publisher.egg-info to /home/administrator/ros2_bc_work1/install/my_publisher/lib/python3.10/site-packages/my_publisher-0.0.0-py3.10.egg-info
[1.258s] running install_scripts
[1.286s] Installing plc_ros_node script to /home/administrator/ros2_bc_work1/install/my_publisher/lib/my_publisher
[1.286s] Installing plc_rviz_node script to /home/administrator/ros2_bc_work1/install/my_publisher/lib/my_publisher
[1.286s] writing list of installed files to '/home/administrator/ros2_bc_work1/build/my_publisher/install.log'
[1.331s] Invoked command in '/home/administrator/ros2_bc_work1/src/my_publisher' returned '0': PYTHONPATH=/home/administrator/ros2_bc_work1/build/my_publisher/prefix_override:/usr/lib/python3/dist-packages/colcon_core/task/python/colcon_distutils_commands:/home/administrator/ros2_bc_work1/install/my_publisher/lib/python3.10/site-packages:${PYTHONPATH} /usr/bin/python3 -W ignore:setup.py install is deprecated -W ignore:easy_install command is deprecated setup.py egg_info --egg-base ../../build/my_publisher build --build-base /home/administrator/ros2_bc_work1/build/my_publisher/build install --record /home/administrator/ros2_bc_work1/build/my_publisher/install.log --single-version-externally-managed install_data
