<?xml version="1.0" encoding="utf-8"?>
<?AutomationStudio Version=3.0?>
<Transfer xmlns="http://br-automation.co.at/AS/Transfer">
  <OperatingSystem Version="D4.92"/>
  <Hardware Target="SG4"/>
  <Operation Delete="Server.br"/>
  <Operation Delete="Sensors.br"/>
  <Operation Delete="Client.br"/>
  <Operation Delete="Receiver1.br"/>
  <Operation Delete="Sender1.br"/>
  <Operation Delete="AsArLog.br"/>
  <Operation Delete="AsTCP.br"/>
  <Operation Delete="brsystem.br"/>
  <Operation Delete="sys_lib.br"/>
  <Operation Delete="AsUDP.br"/>
  <Operation Delete="dvframe.br"/>
  <Operation Delete="asieccon.br"/>
  <Operation Delete="astime.br"/>
  <Operation Download="ashwd.br" Memory="SystemROM"/>
  <Operation Download="asfw.br" Memory="SystemROM"/>
  <Operation Download="arconfig.br" Memory="SystemROM"/>
  <Operation Download="sysconf.br" Memory="SystemROM"/>
  <Operation Restart="warm"/>
  <Operation Download="FWRules.br" Memory="UserROM"/>
  <Operation Download="TCData.br" Memory="SystemROM"/>
  <Operation Download="udbdef.br" Memory="UserROM"/>
  <Operation Download="User.br" Memory="UserROM"/>
  <Operation Download="iomap.br" Memory="UserROM"/>
  <Operation Download="Role.br" Memory="UserROM"/>
  <Operation Download="ashwac.br" Memory="UserROM"/>
  <Operation Download="runtime.br" Memory="UserROM"/>
  <Operation Download="asstring.br" Memory="UserROM"/>
  <Operation Download="standard.br" Memory="UserROM"/>
  <Operation Download="astime.br" Memory="UserROM"/>
  <Operation Download="asieccon.br" Memory="UserROM"/>
  <Operation Download="dvframe.br" Memory="UserROM"/>
  <Operation Download="AsUDP.br" Memory="UserROM"/>
  <Operation Download="sys_lib.br" Memory="UserROM"/>
  <Operation Download="brsystem.br" Memory="UserROM"/>
  <Operation Download="AsTCP.br" Memory="UserROM"/>
  <Operation Download="AsArLog.br" Memory="UserROM"/>
  <Operation Download="Sender1.br" Memory="UserROM"/>
  <Operation Download="Receiver1.br" Memory="UserROM"/>
  <Operation Download="Client.br" Memory="UserROM"/>
  <Operation Download="Sensors.br" Memory="UserROM"/>
  <Operation Download="Server.br" Memory="UserROM"/>
</Transfer>