[0.914s] Invoking command in '/home/administrator/ros2_bc_work1/build/my_publisher': PYTHONPATH=/home/administrator/ros2_bc_work1/build/my_publisher/prefix_override:/usr/lib/python3/dist-packages/colcon_core/task/python/colcon_distutils_commands:/home/administrator/ros2_bc_work1/install/my_publisher/lib/python3.10/site-packages:${PYTHONPATH} /usr/bin/python3 -W ignore:setup.py install is deprecated -W ignore:easy_install command is deprecated setup.py develop --editable --build-directory /home/administrator/ros2_bc_work1/build/my_publisher/build --no-deps symlink_data
[1.214s] running develop
[1.380s] running egg_info
[1.381s] creating my_publisher.egg-info
[1.381s] writing my_publisher.egg-info/PKG-INFO
[1.381s] writing dependency_links to my_publisher.egg-info/dependency_links.txt
[1.381s] writing entry points to my_publisher.egg-info/entry_points.txt
[1.381s] writing requirements to my_publisher.egg-info/requires.txt
[1.382s] writing top-level names to my_publisher.egg-info/top_level.txt
[1.382s] writing manifest file 'my_publisher.egg-info/SOURCES.txt'
[1.384s] reading manifest file 'my_publisher.egg-info/SOURCES.txt'
[1.384s] writing manifest file 'my_publisher.egg-info/SOURCES.txt'
[1.386s] running build_ext
[1.386s] Creating /home/administrator/ros2_bc_work1/install/my_publisher/lib/python3.10/site-packages/my-publisher.egg-link (link to .)
[1.387s] Installing plc_ros_node script to /home/administrator/ros2_bc_work1/install/my_publisher/lib/my_publisher
[1.387s] Installing plc_rviz_node script to /home/administrator/ros2_bc_work1/install/my_publisher/lib/my_publisher
[1.387s] 
[1.388s] Installed /home/administrator/ros2_bc_work1/build/my_publisher
[1.388s] running symlink_data
[1.388s] creating /home/administrator/ros2_bc_work1/install/my_publisher/share/ament_index
[1.388s] creating /home/administrator/ros2_bc_work1/install/my_publisher/share/ament_index/resource_index
[1.388s] creating /home/administrator/ros2_bc_work1/install/my_publisher/share/ament_index/resource_index/packages
[1.388s] symbolically linking /home/administrator/ros2_bc_work1/build/my_publisher/resource/my_publisher -> /home/administrator/ros2_bc_work1/install/my_publisher/share/ament_index/resource_index/packages
[1.388s] symbolically linking /home/administrator/ros2_bc_work1/build/my_publisher/package.xml -> /home/administrator/ros2_bc_work1/install/my_publisher/share/my_publisher
[1.428s] Invoked command in '/home/administrator/ros2_bc_work1/build/my_publisher' returned '0': PYTHONPATH=/home/administrator/ros2_bc_work1/build/my_publisher/prefix_override:/usr/lib/python3/dist-packages/colcon_core/task/python/colcon_distutils_commands:/home/administrator/ros2_bc_work1/install/my_publisher/lib/python3.10/site-packages:${PYTHONPATH} /usr/bin/python3 -W ignore:setup.py install is deprecated -W ignore:easy_install command is deprecated setup.py develop --editable --build-directory /home/administrator/ros2_bc_work1/build/my_publisher/build --no-deps symlink_data
