[0.944s] Invoking command in '/home/administrator/ros2_bc_work1/src/my_publisher': PYTHONPATH=/home/administrator/ros2_bc_work1/build/my_publisher/prefix_override:/usr/lib/python3/dist-packages/colcon_core/task/python/colcon_distutils_commands:/home/administrator/ros2_bc_work1/install/my_publisher/lib/python3.10/site-packages:${PYTHONPATH} /usr/bin/python3 -W ignore:setup.py install is deprecated -W ignore:easy_install command is deprecated setup.py egg_info --egg-base ../../build/my_publisher build --build-base /home/administrator/ros2_bc_work1/build/my_publisher/build install --record /home/administrator/ros2_bc_work1/build/my_publisher/install.log --single-version-externally-managed install_data
[1.219s] running egg_info
[1.220s] writing ../../build/my_publisher/my_publisher.egg-info/PKG-INFO
[1.221s] writing dependency_links to ../../build/my_publisher/my_publisher.egg-info/dependency_links.txt
[1.221s] writing entry points to ../../build/my_publisher/my_publisher.egg-info/entry_points.txt
[1.221s] writing requirements to ../../build/my_publisher/my_publisher.egg-info/requires.txt
[1.221s] writing top-level names to ../../build/my_publisher/my_publisher.egg-info/top_level.txt
[1.223s] reading manifest file '../../build/my_publisher/my_publisher.egg-info/SOURCES.txt'
[1.224s] writing manifest file '../../build/my_publisher/my_publisher.egg-info/SOURCES.txt'
[1.224s] running build
[1.225s] running build_py
[1.225s] running install
[1.225s] running install_lib
[1.227s] running install_data
[1.227s] running install_egg_info
[1.230s] removing '/home/administrator/ros2_bc_work1/install/my_publisher/lib/python3.10/site-packages/my_publisher-0.0.0-py3.10.egg-info' (and everything under it)
[1.230s] Copying ../../build/my_publisher/my_publisher.egg-info to /home/administrator/ros2_bc_work1/install/my_publisher/lib/python3.10/site-packages/my_publisher-0.0.0-py3.10.egg-info
[1.231s] running install_scripts
[1.258s] Installing plc_ros_node script to /home/administrator/ros2_bc_work1/install/my_publisher/lib/my_publisher
[1.259s] Installing plc_rviz_node script to /home/administrator/ros2_bc_work1/install/my_publisher/lib/my_publisher
[1.259s] writing list of installed files to '/home/administrator/ros2_bc_work1/build/my_publisher/install.log'
[1.296s] Invoked command in '/home/administrator/ros2_bc_work1/src/my_publisher' returned '0': PYTHONPATH=/home/administrator/ros2_bc_work1/build/my_publisher/prefix_override:/usr/lib/python3/dist-packages/colcon_core/task/python/colcon_distutils_commands:/home/administrator/ros2_bc_work1/install/my_publisher/lib/python3.10/site-packages:${PYTHONPATH} /usr/bin/python3 -W ignore:setup.py install is deprecated -W ignore:easy_install command is deprecated setup.py egg_info --egg-base ../../build/my_publisher build --build-base /home/administrator/ros2_bc_work1/build/my_publisher/build install --record /home/administrator/ros2_bc_work1/build/my_publisher/install.log --single-version-externally-managed install_data
