running develop
Removing /home/administrator/ros2_bc_work1/install/my_publisher/lib/python3.10/site-packages/my-publisher.egg-link (link to .)
running egg_info
writing ../../build/my_publisher/my_publisher.egg-info/PKG-INFO
writing dependency_links to ../../build/my_publisher/my_publisher.egg-info/dependency_links.txt
writing entry points to ../../build/my_publisher/my_publisher.egg-info/entry_points.txt
writing requirements to ../../build/my_publisher/my_publisher.egg-info/requires.txt
writing top-level names to ../../build/my_publisher/my_publisher.egg-info/top_level.txt
reading manifest file '../../build/my_publisher/my_publisher.egg-info/SOURCES.txt'
writing manifest file '../../build/my_publisher/my_publisher.egg-info/SOURCES.txt'
running build
running build_py
creating /home/administrator/ros2_bc_work1/build/my_publisher/build
creating /home/administrator/ros2_bc_work1/build/my_publisher/build/lib
creating /home/administrator/ros2_bc_work1/build/my_publisher/build/lib/my_publisher
copying my_publisher/__init__.py -> /home/administrator/ros2_bc_work1/build/my_publisher/build/lib/my_publisher
copying my_publisher/r_viz_receiver.py -> /home/administrator/ros2_bc_work1/build/my_publisher/build/lib/my_publisher
copying my_publisher/plc_data_solver.py -> /home/administrator/ros2_bc_work1/build/my_publisher/build/lib/my_publisher
running install
running install_lib
creating /home/administrator/ros2_bc_work1/install/my_publisher/lib/python3.10/site-packages/my_publisher
copying /home/administrator/ros2_bc_work1/build/my_publisher/build/lib/my_publisher/__init__.py -> /home/administrator/ros2_bc_work1/install/my_publisher/lib/python3.10/site-packages/my_publisher
copying /home/administrator/ros2_bc_work1/build/my_publisher/build/lib/my_publisher/r_viz_receiver.py -> /home/administrator/ros2_bc_work1/install/my_publisher/lib/python3.10/site-packages/my_publisher
copying /home/administrator/ros2_bc_work1/build/my_publisher/build/lib/my_publisher/plc_data_solver.py -> /home/administrator/ros2_bc_work1/install/my_publisher/lib/python3.10/site-packages/my_publisher
byte-compiling /home/administrator/ros2_bc_work1/install/my_publisher/lib/python3.10/site-packages/my_publisher/__init__.py to __init__.cpython-310.pyc
byte-compiling /home/administrator/ros2_bc_work1/install/my_publisher/lib/python3.10/site-packages/my_publisher/r_viz_receiver.py to r_viz_receiver.cpython-310.pyc
byte-compiling /home/administrator/ros2_bc_work1/install/my_publisher/lib/python3.10/site-packages/my_publisher/plc_data_solver.py to plc_data_solver.cpython-310.pyc
running install_data
copying resource/my_publisher -> /home/administrator/ros2_bc_work1/install/my_publisher/share/ament_index/resource_index/packages
copying package.xml -> /home/administrator/ros2_bc_work1/install/my_publisher/share/my_publisher
running install_egg_info
Copying ../../build/my_publisher/my_publisher.egg-info to /home/administrator/ros2_bc_work1/install/my_publisher/lib/python3.10/site-packages/my_publisher-0.0.0-py3.10.egg-info
running install_scripts
Installing plc_ros_node script to /home/administrator/ros2_bc_work1/install/my_publisher/lib/my_publisher
Installing plc_rviz_node script to /home/administrator/ros2_bc_work1/install/my_publisher/lib/my_publisher
writing list of installed files to '/home/administrator/ros2_bc_work1/build/my_publisher/install.log'
