[0.166s] DEBUG:colcon:Command line arguments: ['/usr/bin/colcon', 'build']
[0.166s] DEBUG:colcon:Parsed command line arguments: Namespace(log_base=None, log_level=None, verb_name='build', build_base='build', install_base='install', merge_install=False, symlink_install=False, test_result_base=None, continue_on_error=False, executor='parallel', parallel_workers=4, event_handlers=None, ignore_user_meta=False, metas=['./colcon.meta'], base_paths=['.'], packages_ignore=None, packages_ignore_regex=None, paths=None, packages_up_to=None, packages_up_to_regex=None, packages_above=None, packages_above_and_dependencies=None, packages_above_depth=None, packages_select_by_dep=None, packages_skip_by_dep=None, packages_skip_up_to=None, packages_select_build_failed=False, packages_skip_build_finished=False, packages_select_test_failures=False, packages_skip_test_passed=False, packages_select=None, packages_skip=None, packages_select_regex=None, packages_skip_regex=None, packages_start=None, packages_end=None, allow_overriding=[], cmake_args=None, cmake_target=None, cmake_target_skip_unavailable=False, cmake_clean_cache=False, cmake_clean_first=False, cmake_force_configure=False, ament_cmake_args=None, catkin_cmake_args=None, catkin_skip_building_tests=False, mixin_files=None, mixin=None, verb_parser=<colcon_mixin.mixin.mixin_argument.MixinArgumentDecorator object at 0x73a0fe74e980>, verb_extension=<colcon_core.verb.build.BuildVerb object at 0x73a0fe74e380>, main=<bound method BuildVerb.main of <colcon_core.verb.build.BuildVerb object at 0x73a0fe74e380>>, mixin_verb=('build',))
[0.422s] Level 1:colcon.colcon_core.package_discovery:discover_packages(colcon_meta) check parameters
[0.423s] Level 1:colcon.colcon_core.package_discovery:discover_packages(recursive) check parameters
[0.423s] Level 1:colcon.colcon_core.package_discovery:discover_packages(ignore) check parameters
[0.423s] Level 1:colcon.colcon_core.package_discovery:discover_packages(path) check parameters
[0.423s] Level 1:colcon.colcon_core.package_discovery:discover_packages(colcon_meta) discover
[0.423s] Level 1:colcon.colcon_core.package_discovery:discover_packages(recursive) discover
[0.423s] INFO:colcon.colcon_core.package_discovery:Crawling recursively for packages in '/home/administrator/ros2_bc_work1'
[0.423s] Level 1:colcon.colcon_core.package_identification:_identify(.) by extensions ['ignore', 'ignore_ament_install']
[0.423s] Level 1:colcon.colcon_core.package_identification:_identify(.) by extension 'ignore'
[0.423s] Level 1:colcon.colcon_core.package_identification:_identify(.) by extension 'ignore_ament_install'
[0.423s] Level 1:colcon.colcon_core.package_identification:_identify(.) by extensions ['colcon_pkg']
[0.423s] Level 1:colcon.colcon_core.package_identification:_identify(.) by extension 'colcon_pkg'
[0.423s] Level 1:colcon.colcon_core.package_identification:_identify(.) by extensions ['colcon_meta']
[0.424s] Level 1:colcon.colcon_core.package_identification:_identify(.) by extension 'colcon_meta'
[0.424s] Level 1:colcon.colcon_core.package_identification:_identify(.) by extensions ['ros']
[0.424s] Level 1:colcon.colcon_core.package_identification:_identify(.) by extension 'ros'
[0.436s] Level 1:colcon.colcon_core.package_identification:_identify(.) by extensions ['cmake', 'python']
[0.436s] Level 1:colcon.colcon_core.package_identification:_identify(.) by extension 'cmake'
[0.436s] Level 1:colcon.colcon_core.package_identification:_identify(.) by extension 'python'
[0.437s] Level 1:colcon.colcon_core.package_identification:_identify(.) by extensions ['python_setup_py']
[0.437s] Level 1:colcon.colcon_core.package_identification:_identify(.) by extension 'python_setup_py'
[0.437s] Level 1:colcon.colcon_core.package_identification:_identify(build) by extensions ['ignore', 'ignore_ament_install']
[0.437s] Level 1:colcon.colcon_core.package_identification:_identify(build) by extension 'ignore'
[0.437s] Level 1:colcon.colcon_core.package_identification:_identify(build) ignored
[0.437s] Level 1:colcon.colcon_core.package_identification:_identify(install) by extensions ['ignore', 'ignore_ament_install']
[0.437s] Level 1:colcon.colcon_core.package_identification:_identify(install) by extension 'ignore'
[0.437s] Level 1:colcon.colcon_core.package_identification:_identify(install) ignored
[0.437s] Level 1:colcon.colcon_core.package_identification:_identify(log) by extensions ['ignore', 'ignore_ament_install']
[0.438s] Level 1:colcon.colcon_core.package_identification:_identify(log) by extension 'ignore'
[0.438s] Level 1:colcon.colcon_core.package_identification:_identify(log) ignored
[0.438s] Level 1:colcon.colcon_core.package_identification:_identify(src) by extensions ['ignore', 'ignore_ament_install']
[0.438s] Level 1:colcon.colcon_core.package_identification:_identify(src) by extension 'ignore'
[0.438s] Level 1:colcon.colcon_core.package_identification:_identify(src) by extension 'ignore_ament_install'
[0.438s] Level 1:colcon.colcon_core.package_identification:_identify(src) by extensions ['colcon_pkg']
[0.438s] Level 1:colcon.colcon_core.package_identification:_identify(src) by extension 'colcon_pkg'
[0.438s] Level 1:colcon.colcon_core.package_identification:_identify(src) by extensions ['colcon_meta']
[0.438s] Level 1:colcon.colcon_core.package_identification:_identify(src) by extension 'colcon_meta'
[0.438s] Level 1:colcon.colcon_core.package_identification:_identify(src) by extensions ['ros']
[0.438s] Level 1:colcon.colcon_core.package_identification:_identify(src) by extension 'ros'
[0.439s] Level 1:colcon.colcon_core.package_identification:_identify(src) by extensions ['cmake', 'python']
[0.439s] Level 1:colcon.colcon_core.package_identification:_identify(src) by extension 'cmake'
[0.439s] Level 1:colcon.colcon_core.package_identification:_identify(src) by extension 'python'
[0.439s] Level 1:colcon.colcon_core.package_identification:_identify(src) by extensions ['python_setup_py']
[0.439s] Level 1:colcon.colcon_core.package_identification:_identify(src) by extension 'python_setup_py'
[0.439s] Level 1:colcon.colcon_core.package_identification:_identify(src/my_publisher) by extensions ['ignore', 'ignore_ament_install']
[0.439s] Level 1:colcon.colcon_core.package_identification:_identify(src/my_publisher) by extension 'ignore'
[0.439s] Level 1:colcon.colcon_core.package_identification:_identify(src/my_publisher) by extension 'ignore_ament_install'
[0.439s] Level 1:colcon.colcon_core.package_identification:_identify(src/my_publisher) by extensions ['colcon_pkg']
[0.439s] Level 1:colcon.colcon_core.package_identification:_identify(src/my_publisher) by extension 'colcon_pkg'
[0.439s] Level 1:colcon.colcon_core.package_identification:_identify(src/my_publisher) by extensions ['colcon_meta']
[0.439s] Level 1:colcon.colcon_core.package_identification:_identify(src/my_publisher) by extension 'colcon_meta'
[0.439s] Level 1:colcon.colcon_core.package_identification:_identify(src/my_publisher) by extensions ['ros']
[0.439s] Level 1:colcon.colcon_core.package_identification:_identify(src/my_publisher) by extension 'ros'
[0.443s] DEBUG:colcon.colcon_core.package_identification:Package 'src/my_publisher' with type 'ros.ament_python' and name 'my_publisher'
[0.444s] Level 1:colcon.colcon_core.package_identification:_identify(src/test2025_description) by extensions ['ignore', 'ignore_ament_install']
[0.444s] Level 1:colcon.colcon_core.package_identification:_identify(src/test2025_description) by extension 'ignore'
[0.444s] Level 1:colcon.colcon_core.package_identification:_identify(src/test2025_description) by extension 'ignore_ament_install'
[0.444s] Level 1:colcon.colcon_core.package_identification:_identify(src/test2025_description) by extensions ['colcon_pkg']
[0.444s] Level 1:colcon.colcon_core.package_identification:_identify(src/test2025_description) by extension 'colcon_pkg'
[0.444s] Level 1:colcon.colcon_core.package_identification:_identify(src/test2025_description) by extensions ['colcon_meta']
[0.444s] Level 1:colcon.colcon_core.package_identification:_identify(src/test2025_description) by extension 'colcon_meta'
[0.444s] Level 1:colcon.colcon_core.package_identification:_identify(src/test2025_description) by extensions ['ros']
[0.444s] Level 1:colcon.colcon_core.package_identification:_identify(src/test2025_description) by extension 'ros'
[0.444s] Level 1:colcon.colcon_core.package_identification:_identify(src/test2025_description) by extensions ['cmake', 'python']
[0.444s] Level 1:colcon.colcon_core.package_identification:_identify(src/test2025_description) by extension 'cmake'
[0.444s] Level 1:colcon.colcon_core.package_identification:_identify(src/test2025_description) by extension 'python'
[0.445s] Level 1:colcon.colcon_core.package_identification:_identify(src/test2025_description) by extensions ['python_setup_py']
[0.445s] Level 1:colcon.colcon_core.package_identification:_identify(src/test2025_description) by extension 'python_setup_py'
[0.445s] Level 1:colcon.colcon_core.package_identification:_identify(src/test2025_description/test2025_description) by extensions ['ignore', 'ignore_ament_install']
[0.445s] Level 1:colcon.colcon_core.package_identification:_identify(src/test2025_description/test2025_description) by extension 'ignore'
[0.445s] Level 1:colcon.colcon_core.package_identification:_identify(src/test2025_description/test2025_description) by extension 'ignore_ament_install'
[0.445s] Level 1:colcon.colcon_core.package_identification:_identify(src/test2025_description/test2025_description) by extensions ['colcon_pkg']
[0.445s] Level 1:colcon.colcon_core.package_identification:_identify(src/test2025_description/test2025_description) by extension 'colcon_pkg'
[0.445s] Level 1:colcon.colcon_core.package_identification:_identify(src/test2025_description/test2025_description) by extensions ['colcon_meta']
[0.445s] Level 1:colcon.colcon_core.package_identification:_identify(src/test2025_description/test2025_description) by extension 'colcon_meta'
[0.445s] Level 1:colcon.colcon_core.package_identification:_identify(src/test2025_description/test2025_description) by extensions ['ros']
[0.445s] Level 1:colcon.colcon_core.package_identification:_identify(src/test2025_description/test2025_description) by extension 'ros'
[0.446s] DEBUG:colcon.colcon_core.package_identification:Package 'src/test2025_description/test2025_description' with type 'ros.ament_python' and name 'test2025_description'
[0.446s] Level 1:colcon.colcon_core.package_discovery:discover_packages(recursive) using defaults
[0.447s] Level 1:colcon.colcon_core.package_discovery:discover_packages(ignore) discover
[0.447s] Level 1:colcon.colcon_core.package_discovery:discover_packages(ignore) using defaults
[0.447s] Level 1:colcon.colcon_core.package_discovery:discover_packages(path) discover
[0.447s] Level 1:colcon.colcon_core.package_discovery:discover_packages(path) using defaults
[0.489s] Level 1:colcon.colcon_core.package_discovery:discover_packages(prefix_path) check parameters
[0.489s] Level 1:colcon.colcon_core.package_discovery:discover_packages(prefix_path) discover
[0.493s] DEBUG:colcon.colcon_installed_package_information.package_discovery:Found 2 installed packages in /home/administrator/ros2_bc_work1/install
[0.493s] DEBUG:colcon.colcon_installed_package_information.package_discovery:Found 1 installed packages in /home/administrator/ros2_Hrinchenko/install
[0.494s] DEBUG:colcon.colcon_installed_package_information.package_discovery:Found 12 installed packages in /home/administrator/ros2_ws/install
[0.495s] DEBUG:colcon.colcon_installed_package_information.package_discovery:Found 274 installed packages in /opt/ros/humble
[0.497s] Level 1:colcon.colcon_core.package_discovery:discover_packages(prefix_path) using defaults
[0.539s] Level 5:colcon.colcon_core.verb:set package 'my_publisher' build argument 'cmake_args' from command line to 'None'
[0.539s] Level 5:colcon.colcon_core.verb:set package 'my_publisher' build argument 'cmake_target' from command line to 'None'
[0.539s] Level 5:colcon.colcon_core.verb:set package 'my_publisher' build argument 'cmake_target_skip_unavailable' from command line to 'False'
[0.539s] Level 5:colcon.colcon_core.verb:set package 'my_publisher' build argument 'cmake_clean_cache' from command line to 'False'
[0.539s] Level 5:colcon.colcon_core.verb:set package 'my_publisher' build argument 'cmake_clean_first' from command line to 'False'
[0.539s] Level 5:colcon.colcon_core.verb:set package 'my_publisher' build argument 'cmake_force_configure' from command line to 'False'
[0.539s] Level 5:colcon.colcon_core.verb:set package 'my_publisher' build argument 'ament_cmake_args' from command line to 'None'
[0.539s] Level 5:colcon.colcon_core.verb:set package 'my_publisher' build argument 'catkin_cmake_args' from command line to 'None'
[0.539s] Level 5:colcon.colcon_core.verb:set package 'my_publisher' build argument 'catkin_skip_building_tests' from command line to 'False'
[0.539s] DEBUG:colcon.colcon_core.verb:Building package 'my_publisher' with the following arguments: {'ament_cmake_args': None, 'build_base': '/home/administrator/ros2_bc_work1/build/my_publisher', 'catkin_cmake_args': None, 'catkin_skip_building_tests': False, 'cmake_args': None, 'cmake_clean_cache': False, 'cmake_clean_first': False, 'cmake_force_configure': False, 'cmake_target': None, 'cmake_target_skip_unavailable': False, 'install_base': '/home/administrator/ros2_bc_work1/install/my_publisher', 'merge_install': False, 'path': '/home/administrator/ros2_bc_work1/src/my_publisher', 'symlink_install': False, 'test_result_base': None}
[0.540s] Level 5:colcon.colcon_core.verb:set package 'test2025_description' build argument 'cmake_args' from command line to 'None'
[0.540s] Level 5:colcon.colcon_core.verb:set package 'test2025_description' build argument 'cmake_target' from command line to 'None'
[0.540s] Level 5:colcon.colcon_core.verb:set package 'test2025_description' build argument 'cmake_target_skip_unavailable' from command line to 'False'
[0.540s] Level 5:colcon.colcon_core.verb:set package 'test2025_description' build argument 'cmake_clean_cache' from command line to 'False'
[0.540s] Level 5:colcon.colcon_core.verb:set package 'test2025_description' build argument 'cmake_clean_first' from command line to 'False'
[0.540s] Level 5:colcon.colcon_core.verb:set package 'test2025_description' build argument 'cmake_force_configure' from command line to 'False'
[0.540s] Level 5:colcon.colcon_core.verb:set package 'test2025_description' build argument 'ament_cmake_args' from command line to 'None'
[0.540s] Level 5:colcon.colcon_core.verb:set package 'test2025_description' build argument 'catkin_cmake_args' from command line to 'None'
[0.540s] Level 5:colcon.colcon_core.verb:set package 'test2025_description' build argument 'catkin_skip_building_tests' from command line to 'False'
[0.540s] DEBUG:colcon.colcon_core.verb:Building package 'test2025_description' with the following arguments: {'ament_cmake_args': None, 'build_base': '/home/administrator/ros2_bc_work1/build/test2025_description', 'catkin_cmake_args': None, 'catkin_skip_building_tests': False, 'cmake_args': None, 'cmake_clean_cache': False, 'cmake_clean_first': False, 'cmake_force_configure': False, 'cmake_target': None, 'cmake_target_skip_unavailable': False, 'install_base': '/home/administrator/ros2_bc_work1/install/test2025_description', 'merge_install': False, 'path': '/home/administrator/ros2_bc_work1/src/test2025_description/test2025_description', 'symlink_install': False, 'test_result_base': None}
[0.540s] INFO:colcon.colcon_core.executor:Executing jobs using 'parallel' executor
[0.541s] DEBUG:colcon.colcon_parallel_executor.executor.parallel:run_until_complete
[0.541s] INFO:colcon.colcon_ros.task.ament_python.build:Building ROS package in '/home/administrator/ros2_bc_work1/src/my_publisher' with build type 'ament_python'
[0.541s] Level 1:colcon.colcon_core.shell:create_environment_hook('my_publisher', 'ament_prefix_path')
[0.548s] INFO:colcon.colcon_core.plugin_system:Skipping extension 'colcon_core.shell.bat': Not used on non-Windows systems
[0.549s] INFO:colcon.colcon_core.shell:Creating environment hook '/home/administrator/ros2_bc_work1/install/my_publisher/share/my_publisher/hook/ament_prefix_path.ps1'
[0.550s] INFO:colcon.colcon_core.shell:Creating environment descriptor '/home/administrator/ros2_bc_work1/install/my_publisher/share/my_publisher/hook/ament_prefix_path.dsv'
[0.550s] INFO:colcon.colcon_core.shell:Creating environment hook '/home/administrator/ros2_bc_work1/install/my_publisher/share/my_publisher/hook/ament_prefix_path.sh'
[0.552s] INFO:colcon.colcon_core.shell:Skip shell extension 'powershell' for command environment: Not usable outside of PowerShell
[0.552s] DEBUG:colcon.colcon_core.shell:Skip shell extension 'dsv' for command environment
[0.557s] INFO:colcon.colcon_ros.task.ament_python.build:Building ROS package in '/home/administrator/ros2_bc_work1/src/test2025_description/test2025_description' with build type 'ament_python'
[0.557s] Level 1:colcon.colcon_core.shell:create_environment_hook('test2025_description', 'ament_prefix_path')
[0.558s] INFO:colcon.colcon_core.shell:Creating environment hook '/home/administrator/ros2_bc_work1/install/test2025_description/share/test2025_description/hook/ament_prefix_path.ps1'
[0.558s] INFO:colcon.colcon_core.shell:Creating environment descriptor '/home/administrator/ros2_bc_work1/install/test2025_description/share/test2025_description/hook/ament_prefix_path.dsv'
[0.559s] INFO:colcon.colcon_core.shell:Creating environment hook '/home/administrator/ros2_bc_work1/install/test2025_description/share/test2025_description/hook/ament_prefix_path.sh'
[0.560s] INFO:colcon.colcon_core.shell:Skip shell extension 'powershell' for command environment: Not usable outside of PowerShell
[0.560s] DEBUG:colcon.colcon_core.shell:Skip shell extension 'dsv' for command environment
[0.846s] INFO:colcon.colcon_core.task.python.build:Building Python package in '/home/administrator/ros2_bc_work1/src/my_publisher'
[0.846s] INFO:colcon.colcon_core.shell:Skip shell extension 'powershell' for command environment: Not usable outside of PowerShell
[0.846s] DEBUG:colcon.colcon_core.shell:Skip shell extension 'dsv' for command environment
[1.117s] INFO:colcon.colcon_core.task.python.build:Building Python package in '/home/administrator/ros2_bc_work1/src/test2025_description/test2025_description'
[1.118s] INFO:colcon.colcon_core.shell:Skip shell extension 'powershell' for command environment: Not usable outside of PowerShell
[1.118s] DEBUG:colcon.colcon_core.shell:Skip shell extension 'dsv' for command environment
[1.514s] DEBUG:colcon.colcon_core.event_handler.log_command:Invoking command in '/home/administrator/ros2_bc_work1/src/my_publisher': PYTHONPATH=/home/administrator/ros2_bc_work1/build/my_publisher/prefix_override:/usr/lib/python3/dist-packages/colcon_core/task/python/colcon_distutils_commands:/home/administrator/ros2_bc_work1/install/my_publisher/lib/python3.10/site-packages:${PYTHONPATH} /usr/bin/python3 -W ignore:setup.py install is deprecated -W ignore:easy_install command is deprecated setup.py egg_info --egg-base ../../build/my_publisher build --build-base /home/administrator/ros2_bc_work1/build/my_publisher/build install --record /home/administrator/ros2_bc_work1/build/my_publisher/install.log --single-version-externally-managed install_data
[1.520s] DEBUG:colcon.colcon_core.event_handler.log_command:Invoking command in '/home/administrator/ros2_bc_work1/src/test2025_description/test2025_description': PYTHONPATH=/home/administrator/ros2_bc_work1/build/test2025_description/prefix_override:/usr/lib/python3/dist-packages/colcon_core/task/python/colcon_distutils_commands:/home/administrator/ros2_bc_work1/install/test2025_description/lib/python3.10/site-packages:${PYTHONPATH} /usr/bin/python3 -W ignore:setup.py install is deprecated -W ignore:easy_install command is deprecated setup.py egg_info --egg-base ../../../build/test2025_description build --build-base /home/administrator/ros2_bc_work1/build/test2025_description/build install --record /home/administrator/ros2_bc_work1/build/test2025_description/install.log --single-version-externally-managed install_data
[1.840s] DEBUG:colcon.colcon_core.event_handler.log_command:Invoked command in '/home/administrator/ros2_bc_work1/src/my_publisher' returned '0': PYTHONPATH=/home/administrator/ros2_bc_work1/build/my_publisher/prefix_override:/usr/lib/python3/dist-packages/colcon_core/task/python/colcon_distutils_commands:/home/administrator/ros2_bc_work1/install/my_publisher/lib/python3.10/site-packages:${PYTHONPATH} /usr/bin/python3 -W ignore:setup.py install is deprecated -W ignore:easy_install command is deprecated setup.py egg_info --egg-base ../../build/my_publisher build --build-base /home/administrator/ros2_bc_work1/build/my_publisher/build install --record /home/administrator/ros2_bc_work1/build/my_publisher/install.log --single-version-externally-managed install_data
[1.847s] Level 1:colcon.colcon_core.environment:checking '/home/administrator/ros2_bc_work1/install/my_publisher' for CMake module files
[1.847s] Level 1:colcon.colcon_core.environment:checking '/home/administrator/ros2_bc_work1/install/my_publisher' for CMake config files
[1.848s] Level 1:colcon.colcon_core.environment:checking '/home/administrator/ros2_bc_work1/install/my_publisher/lib'
[1.848s] Level 1:colcon.colcon_core.environment:checking '/home/administrator/ros2_bc_work1/install/my_publisher/bin'
[1.849s] Level 1:colcon.colcon_core.environment:checking '/home/administrator/ros2_bc_work1/install/my_publisher/lib/pkgconfig/my_publisher.pc'
[1.849s] Level 1:colcon.colcon_core.environment:checking '/home/administrator/ros2_bc_work1/install/my_publisher/lib/python3.10/site-packages'
[1.849s] Level 1:colcon.colcon_core.shell:create_environment_hook('my_publisher', 'pythonpath')
[1.849s] INFO:colcon.colcon_core.shell:Creating environment hook '/home/administrator/ros2_bc_work1/install/my_publisher/share/my_publisher/hook/pythonpath.ps1'
[1.850s] INFO:colcon.colcon_core.shell:Creating environment descriptor '/home/administrator/ros2_bc_work1/install/my_publisher/share/my_publisher/hook/pythonpath.dsv'
[1.851s] INFO:colcon.colcon_core.shell:Creating environment hook '/home/administrator/ros2_bc_work1/install/my_publisher/share/my_publisher/hook/pythonpath.sh'
[1.851s] Level 1:colcon.colcon_core.environment:checking '/home/administrator/ros2_bc_work1/install/my_publisher/bin'
[1.852s] Level 1:colcon.colcon_core.environment:create_environment_scripts_only(my_publisher)
[1.852s] INFO:colcon.colcon_core.shell:Creating package script '/home/administrator/ros2_bc_work1/install/my_publisher/share/my_publisher/package.ps1'
[1.853s] INFO:colcon.colcon_core.shell:Creating package descriptor '/home/administrator/ros2_bc_work1/install/my_publisher/share/my_publisher/package.dsv'
[1.854s] INFO:colcon.colcon_core.shell:Creating package script '/home/administrator/ros2_bc_work1/install/my_publisher/share/my_publisher/package.sh'
[1.856s] INFO:colcon.colcon_core.shell:Creating package script '/home/administrator/ros2_bc_work1/install/my_publisher/share/my_publisher/package.bash'
[1.857s] INFO:colcon.colcon_core.shell:Creating package script '/home/administrator/ros2_bc_work1/install/my_publisher/share/my_publisher/package.zsh'
[1.858s] Level 1:colcon.colcon_core.environment:create_file_with_runtime_dependencies(/home/administrator/ros2_bc_work1/install/my_publisher/share/colcon-core/packages/my_publisher)
[1.860s] Level 1:colcon.colcon_core.environment:checking '/home/administrator/ros2_bc_work1/install/test2025_description' for CMake module files
[1.861s] DEBUG:colcon.colcon_core.event_handler.log_command:Invoked command in '/home/administrator/ros2_bc_work1/src/test2025_description/test2025_description' returned '0': PYTHONPATH=/home/administrator/ros2_bc_work1/build/test2025_description/prefix_override:/usr/lib/python3/dist-packages/colcon_core/task/python/colcon_distutils_commands:/home/administrator/ros2_bc_work1/install/test2025_description/lib/python3.10/site-packages:${PYTHONPATH} /usr/bin/python3 -W ignore:setup.py install is deprecated -W ignore:easy_install command is deprecated setup.py egg_info --egg-base ../../../build/test2025_description build --build-base /home/administrator/ros2_bc_work1/build/test2025_description/build install --record /home/administrator/ros2_bc_work1/build/test2025_description/install.log --single-version-externally-managed install_data
[1.861s] Level 1:colcon.colcon_core.environment:checking '/home/administrator/ros2_bc_work1/install/test2025_description' for CMake config files
[1.862s] Level 1:colcon.colcon_core.environment:checking '/home/administrator/ros2_bc_work1/install/test2025_description/lib'
[1.862s] Level 1:colcon.colcon_core.environment:checking '/home/administrator/ros2_bc_work1/install/test2025_description/bin'
[1.862s] Level 1:colcon.colcon_core.environment:checking '/home/administrator/ros2_bc_work1/install/test2025_description/lib/pkgconfig/test2025_description.pc'
[1.862s] Level 1:colcon.colcon_core.environment:checking '/home/administrator/ros2_bc_work1/install/test2025_description/lib/python3.10/site-packages'
[1.862s] Level 1:colcon.colcon_core.shell:create_environment_hook('test2025_description', 'pythonpath')
[1.863s] INFO:colcon.colcon_core.shell:Creating environment hook '/home/administrator/ros2_bc_work1/install/test2025_description/share/test2025_description/hook/pythonpath.ps1'
[1.863s] INFO:colcon.colcon_core.shell:Creating environment descriptor '/home/administrator/ros2_bc_work1/install/test2025_description/share/test2025_description/hook/pythonpath.dsv'
[1.864s] INFO:colcon.colcon_core.shell:Creating environment hook '/home/administrator/ros2_bc_work1/install/test2025_description/share/test2025_description/hook/pythonpath.sh'
[1.864s] Level 1:colcon.colcon_core.environment:checking '/home/administrator/ros2_bc_work1/install/test2025_description/bin'
[1.864s] Level 1:colcon.colcon_core.environment:create_environment_scripts_only(test2025_description)
[1.865s] INFO:colcon.colcon_core.shell:Creating package script '/home/administrator/ros2_bc_work1/install/test2025_description/share/test2025_description/package.ps1'
[1.865s] INFO:colcon.colcon_core.shell:Creating package descriptor '/home/administrator/ros2_bc_work1/install/test2025_description/share/test2025_description/package.dsv'
[1.866s] INFO:colcon.colcon_core.shell:Creating package script '/home/administrator/ros2_bc_work1/install/test2025_description/share/test2025_description/package.sh'
[1.866s] INFO:colcon.colcon_core.shell:Creating package script '/home/administrator/ros2_bc_work1/install/test2025_description/share/test2025_description/package.bash'
[1.867s] INFO:colcon.colcon_core.shell:Creating package script '/home/administrator/ros2_bc_work1/install/test2025_description/share/test2025_description/package.zsh'
[1.867s] Level 1:colcon.colcon_core.environment:create_file_with_runtime_dependencies(/home/administrator/ros2_bc_work1/install/test2025_description/share/colcon-core/packages/test2025_description)
[1.867s] DEBUG:colcon.colcon_parallel_executor.executor.parallel:closing loop
[1.868s] DEBUG:colcon.colcon_parallel_executor.executor.parallel:loop closed
[1.868s] DEBUG:colcon.colcon_parallel_executor.executor.parallel:run_until_complete finished with '0'
[1.868s] DEBUG:colcon.colcon_core.event_reactor:joining thread
[1.876s] INFO:colcon.colcon_core.plugin_system:Skipping extension 'colcon_notification.desktop_notification.terminal_notifier': Not used on non-Darwin systems
[1.876s] INFO:colcon.colcon_core.plugin_system:Skipping extension 'colcon_notification.desktop_notification.win32': Not used on non-Windows systems
[1.876s] INFO:colcon.colcon_notification.desktop_notification:Sending desktop notification using 'notify2'
[1.888s] DEBUG:colcon.colcon_core.event_reactor:joined thread
[1.889s] INFO:colcon.colcon_core.shell:Creating prefix script '/home/administrator/ros2_bc_work1/install/local_setup.ps1'
[1.890s] INFO:colcon.colcon_core.shell:Creating prefix util module '/home/administrator/ros2_bc_work1/install/_local_setup_util_ps1.py'
[1.891s] INFO:colcon.colcon_core.shell:Creating prefix chain script '/home/administrator/ros2_bc_work1/install/setup.ps1'
[1.894s] INFO:colcon.colcon_core.shell:Creating prefix script '/home/administrator/ros2_bc_work1/install/local_setup.sh'
[1.894s] INFO:colcon.colcon_core.shell:Creating prefix util module '/home/administrator/ros2_bc_work1/install/_local_setup_util_sh.py'
[1.895s] INFO:colcon.colcon_core.shell:Creating prefix chain script '/home/administrator/ros2_bc_work1/install/setup.sh'
[1.897s] INFO:colcon.colcon_core.shell:Creating prefix script '/home/administrator/ros2_bc_work1/install/local_setup.bash'
[1.897s] INFO:colcon.colcon_core.shell:Creating prefix chain script '/home/administrator/ros2_bc_work1/install/setup.bash'
[1.899s] INFO:colcon.colcon_core.shell:Creating prefix script '/home/administrator/ros2_bc_work1/install/local_setup.zsh'
[1.900s] INFO:colcon.colcon_core.shell:Creating prefix chain script '/home/administrator/ros2_bc_work1/install/setup.zsh'
